[debug] [2023-02-23T13:53:50.710Z] ----------------------------------------------------------------------
[debug] [2023-02-23T13:53:50.712Z] Command:       C:\laragon\bin\nodejs\node-v18\node.exe C:\Users\Hairul\AppData\Roaming\npm\node_modules\firebase-tools\lib\bin\firebase.js init
[debug] [2023-02-23T13:53:50.713Z] CLI Version:   11.23.1
[debug] [2023-02-23T13:53:50.713Z] Platform:      win32
[debug] [2023-02-23T13:53:50.713Z] Node Version:  v18.8.0
[debug] [2023-02-23T13:53:50.713Z] Time:          Thu Feb 23 2023 20:53:50 GMT+0700 (Western Indonesia Time)
[debug] [2023-02-23T13:53:50.714Z] ----------------------------------------------------------------------
[debug] 
[debug] [2023-02-23T13:53:50.720Z] > command requires scopes: ["email","openid","https://www.googleapis.com/auth/cloudplatformprojects.readonly","https://www.googleapis.com/auth/firebase","https://www.googleapis.com/auth/cloud-platform"]
[debug] [2023-02-23T13:53:50.720Z] > authorizing via signed-in user (hanawazaki002@gmail.com)
[info] 
     ######## #### ########  ######## ########     ###     ######  ########
     ##        ##  ##     ## ##       ##     ##  ##   ##  ##       ##
     ######    ##  ########  ######   ########  #########  ######  ######
     ##        ##  ##    ##  ##       ##     ## ##     ##       ## ##
     ##       #### ##     ## ######## ########  ##     ##  ######  ########

You're about to initialize a Firebase project in this directory:

  D:\workbase\reading-list-main

[info] 
=== Project Setup
[info] 
[info] First, let's associate this project directory with a Firebase project.
[info] You can create multiple project aliases by running firebase use --add, 
[info] but for now we'll just set up a default project.
[info] 
